#
# There is insufficient memory for the Java Runtime Environment to continue.
# Native memory allocation (mmap) failed to map 132120576 bytes for Failed to commit area from 0x0000000083a00000 to 0x000000008b800000 of length 132120576.
# Possible reasons:
#   The system is out of physical RAM or swap space
#   The process is running with CompressedOops enabled, and the Java Heap may be blocking the growth of the native heap
# Possible solutions:
#   Reduce memory load on the system
#   Increase physical memory or swap space
#   Check if swap backing store is full
#   Decrease Java heap size (-Xmx/-Xms)
#   Decrease number of Java threads
#   Decrease Java thread stack sizes (-Xss)
#   Set larger code cache with -XX:ReservedCodeCacheSize=
# This output file may be truncated or incomplete.
#
#  Out of Memory Error (t:/workspace/open/src/hotspot/os/windows/os_windows.cpp:3254), pid=7296, tid=8732
#
# JRE version:  (12.0+32) (build )
# Java VM: OpenJDK 64-Bit Server VM (12+32, mixed mode, aot, sharing, tiered, compressed oops, g1 gc, windows-amd64)
# No core dump will be written. Minidumps are not enabled by default on client versions of Windows
#

---------------  S U M M A R Y ------------

Command Line: -Dfile.encoding=UTF-8 inflearn_Algorithm.problem31

Host: Intel(R) Core(TM) i5-1035G4 CPU @ 1.10GHz, 8 cores, 7G,  Windows 10 , 64 bit Build 19041 (10.0.19041.1023)
Time: Sun Jul  4 20:57:26 2021 대한민국 표준시 elapsed time: 0 seconds (0d 0h 0m 0s)

---------------  T H R E A D  ---------------

Current thread (0x0000023a62435000):  JavaThread "Unknown thread" [_thread_in_vm, id=8732, stack(0x000000f023400000,0x000000f023500000)]

Stack: [0x000000f023400000,0x000000f023500000]
Native frames: (J=compiled Java code, j=interpreted, Vv=VM code, C=native code)
V  [jvm.dll+0x63915a]
V  [jvm.dll+0x78b0af]
V  [jvm.dll+0x78c751]
V  [jvm.dll+0x78cda3]
V  [jvm.dll+0x261f68]
V  [jvm.dll+0x63665a]
V  [jvm.dll+0x62b1d5]
V  [jvm.dll+0x31d8bc]
V  [jvm.dll+0x31d6ef]
V  [jvm.dll+0x323426]
V  [jvm.dll+0x370ed6]
V  [jvm.dll+0x3706b0]
V  [jvm.dll+0x2f76ea]
V  [jvm.dll+0x2f8972]
V  [jvm.dll+0x765457]
V  [jvm.dll+0x766b35]
V  [jvm.dll+0x37efa9]
V  [jvm.dll+0x7497b4]
V  [jvm.dll+0x3ee32d]
V  [jvm.dll+0x3f01d1]
C  [jli.dll+0x51cf]
C  [ucrtbase.dll+0x21bb2]
C  [KERNEL32.DLL+0x17034]
C  [ntdll.dll+0x52651]


---------------  P R O C E S S  ---------------

Threads class SMR info:
_java_thread_list=0x00007ffa325946e8, length=0, elements={
}

Java Threads: ( => current thread )

Other Threads:
  0x0000023a62475000 GCTaskThread "GC Thread#0" [stack: 0x000000f023500000,0x000000f023600000] [id=11464]
  0x0000023a62482000 ConcurrentGCThread "G1 Main Marker" [stack: 0x000000f023600000,0x000000f023700000] [id=14420]
  0x0000023a62486000 ConcurrentGCThread "G1 Conc#0" [stack: 0x000000f023700000,0x000000f023800000] [id=13992]

[error occurred during error reporting (printing all threads), id 0xc0000005, EXCEPTION_ACCESS_VIOLATION (0xc0000005) at pc=0x00007ffa31dc7957]

VM state:not at safepoint (not fully initialized)

VM Mutex/Monitor currently owned by a thread:  ([mutex/lock_event])
[0x0000023a62431590] Heap_lock - owner thread: 0x0000023a62435000

Heap address: 0x0000000083a00000, size: 1990 MB, Compressed Oops mode: Non-zero based: 0x0000000083a00000
Narrow klass base: 0x0000000000000000, Narrow klass shift: 0

GC Heap History (0 events):
No events

Deoptimization events (0 events):
No events

Classes redefined (0 events):
No events

Internal exceptions (0 events):
No events

Events (0 events):
No events


Dynamic libraries:
0x00007ff75cfa0000 - 0x00007ff75cfad000 	C:\Users\이요한\Desktop\개발\eclipse_tools\_java\openjdk-12+32_windows-x64_bin\jdk-12\bin\javaw.exe
0x00007ffa927b0000 - 0x00007ffa929a5000 	C:\WINDOWS\SYSTEM32\ntdll.dll
0x00007ffa90bb0000 - 0x00007ffa90c6d000 	C:\WINDOWS\System32\KERNEL32.DLL
0x00007ffa90330000 - 0x00007ffa905f8000 	C:\WINDOWS\System32\KERNELBASE.dll
0x00007ffa8ff90000 - 0x00007ffa90090000 	C:\WINDOWS\System32\ucrtbase.dll
0x00007ffa5d9f0000 - 0x00007ffa5da06000 	C:\Users\이요한\Desktop\개발\eclipse_tools\_java\openjdk-12+32_windows-x64_bin\jdk-12\bin\VCRUNTIME140.dll
0x00007ffa62a80000 - 0x00007ffa62a97000 	C:\Users\이요한\Desktop\개발\eclipse_tools\_java\openjdk-12+32_windows-x64_bin\jdk-12\bin\jli.dll
0x00007ffa91160000 - 0x00007ffa91300000 	C:\WINDOWS\System32\USER32.dll
0x00007ffa90690000 - 0x00007ffa906b2000 	C:\WINDOWS\System32\win32u.dll
0x00007ffa90820000 - 0x00007ffa9084a000 	C:\WINDOWS\System32\GDI32.dll
0x00007ffa906c0000 - 0x00007ffa907cb000 	C:\WINDOWS\System32\gdi32full.dll
0x00007ffa8fef0000 - 0x00007ffa8ff8d000 	C:\WINDOWS\System32\msvcp_win.dll
0x00007ffa73ae0000 - 0x00007ffa73d7a000 	C:\WINDOWS\WinSxS\amd64_microsoft.windows.common-controls_6595b64144ccf1df_6.0.19041.1052_none_60b8f8fd71f5e8cb\COMCTL32.dll
0x00007ffa910c0000 - 0x00007ffa9115e000 	C:\WINDOWS\System32\msvcrt.dll
0x00007ffa91360000 - 0x00007ffa91390000 	C:\WINDOWS\System32\IMM32.DLL
0x00007ffa59320000 - 0x00007ffa593ca000 	C:\Users\이요한\Desktop\개발\eclipse_tools\_java\openjdk-12+32_windows-x64_bin\jdk-12\bin\msvcp140.dll
0x00007ffa31ac0000 - 0x00007ffa32634000 	C:\Users\이요한\Desktop\개발\eclipse_tools\_java\openjdk-12+32_windows-x64_bin\jdk-12\bin\server\jvm.dll
0x00007ffa926c0000 - 0x00007ffa9276c000 	C:\WINDOWS\System32\ADVAPI32.dll
0x00007ffa91520000 - 0x00007ffa915bb000 	C:\WINDOWS\System32\sechost.dll
0x00007ffa90de0000 - 0x00007ffa90f0b000 	C:\WINDOWS\System32\RPCRT4.dll
0x00007ffa926b0000 - 0x00007ffa926b8000 	C:\WINDOWS\System32\PSAPI.DLL
0x00007ffa7bf40000 - 0x00007ffa7bf67000 	C:\WINDOWS\SYSTEM32\WINMM.dll
0x00007ffa6e610000 - 0x00007ffa6e619000 	C:\WINDOWS\SYSTEM32\WSOCK32.dll
0x00007ffa82a30000 - 0x00007ffa82a3a000 	C:\WINDOWS\SYSTEM32\VERSION.dll
0x00007ffa92460000 - 0x00007ffa924cb000 	C:\WINDOWS\System32\WS2_32.dll
0x00007ffa8e7c0000 - 0x00007ffa8e7d2000 	C:\WINDOWS\SYSTEM32\kernel.appcore.dll
0x00007ffa86bd0000 - 0x00007ffa86be1000 	C:\Users\이요한\Desktop\개발\eclipse_tools\_java\openjdk-12+32_windows-x64_bin\jdk-12\bin\verify.dll
0x00007ffa8dcc0000 - 0x00007ffa8dea4000 	C:\WINDOWS\SYSTEM32\DBGHELP.DLL
0x00007ffa793a0000 - 0x00007ffa793cc000 	C:\WINDOWS\SYSTEM32\dbgcore.DLL
0x00007ffa90600000 - 0x00007ffa90683000 	C:\WINDOWS\System32\bcryptPrimitives.dll
0x00007ffa855a0000 - 0x00007ffa855c6000 	C:\Users\이요한\Desktop\개발\eclipse_tools\_java\openjdk-12+32_windows-x64_bin\jdk-12\bin\java.dll
0x00007ffa82a70000 - 0x00007ffa82a87000 	C:\Users\이요한\Desktop\개발\eclipse_tools\_java\openjdk-12+32_windows-x64_bin\jdk-12\bin\zip.dll
0x00007ffa86bc0000 - 0x00007ffa86bca000 	C:\Users\이요한\Desktop\개발\eclipse_tools\_java\openjdk-12+32_windows-x64_bin\jdk-12\bin\jimage.dll

dbghelp: loaded successfully - version: 4.0.5 - missing functions: none
symbol engine: initialized successfully - sym options: 0x614 - pdb path: .;C:\Users\이요한\Desktop\개발\eclipse_tools\_java\openjdk-12+32_windows-x64_bin\jdk-12\bin;C:\WINDOWS\SYSTEM32;C:\WINDOWS\WinSxS\amd64_microsoft.windows.common-controls_6595b64144ccf1df_6.0.19041.1052_none_60b8f8fd71f5e8cb;C:\Users\이요한\Desktop\개발\eclipse_tools\_java\openjdk-12+32_windows-x64_bin\jdk-12\;C:\Users\이요한\Desktop\개발\eclipse_tools\_java\openjdk-12+32_windows-x64_bin\jd;C:\Users\이요한\Desktop\개발\eclipse_tools\_java\openjdk-12+32_windows-x64_b;C:\Users\이요한\Desktop\개발\eclipse_tools\_java\openjdk-12+32_windows-

VM Arguments:
jvm_args: -Dfile.encoding=UTF-8 
java_command: inflearn_Algorithm.problem31
java_class_path (initial): C:\Users\이요한\Desktop\web\codingTest\AlgorithmProblems\AlgorithmProblem\bin
Launcher Type: SUN_STANDARD

[Global flags]
     intx CICompilerCount                          = 4                                         {product} {ergonomic}
     uint ConcGCThreads                            = 2                                         {product} {ergonomic}
     uint G1ConcRefinementThreads                  = 8                                         {product} {ergonomic}
   size_t G1HeapRegionSize                         = 1048576                                   {product} {ergonomic}
    uintx GCDrainStackTargetSize                   = 64                                        {product} {ergonomic}
   size_t InitialHeapSize                          = 132120576                                 {product} {ergonomic}
   size_t MarkStackSize                            = 4194304                                   {product} {ergonomic}
   size_t MaxHeapSize                              = 2086666240                                {product} {ergonomic}
   size_t MinHeapDeltaBytes                        = 1048576                                   {product} {ergonomic}
    uintx NonNMethodCodeHeapSize                   = 5836300                                {pd product} {ergonomic}
    uintx NonProfiledCodeHeapSize                  = 122910970                              {pd product} {ergonomic}
    uintx ProfiledCodeHeapSize                     = 122910970                              {pd product} {ergonomic}
    uintx ReservedCodeCacheSize                    = 251658240                              {pd product} {ergonomic}
     bool SegmentedCodeCache                       = true                                      {product} {ergonomic}
     bool UseCompressedClassPointers               = true                                 {lp64_product} {ergonomic}
     bool UseCompressedOops                        = true                                 {lp64_product} {ergonomic}
     bool UseG1GC                                  = true                                      {product} {ergonomic}
     bool UseLargePagesIndividualAllocation        = false                                  {pd product} {ergonomic}

Logging:
Log output configuration:
 #0: stdout all=warning uptime,level,tags
 #1: stderr all=off uptime,level,tags

Environment Variables:
JAVA_HOME=C:\Users\이요한\Desktop\개발\eclipse_tools\_java\openjdk-12+32_windows-x64_bin\jdk-12
CLASSPATH=C:\Users\이요한\Desktop\개발\eclipse_tools\_java\openjdk-12+32_windows-x64_bin\jdk-12\lib
PATH=C:/Users/이요한/Desktop/개발/eclipse_tools/_java/openjdk-12+32_windows-x64_bin/jdk-12/bin/server;C:/Users/이요한/Desktop/개발/eclipse_tools/_java/openjdk-12+32_windows-x64_bin/jdk-12/bin;C:\WINDOWS\system32;C:\WINDOWS;C:\WINDOWS\System32\Wbem;C:\WINDOWS\System32\WindowsPowerShell\v1.0\;C:\WINDOWS\System32\OpenSSH\;C:\Program Files\Intel\WiFi\bin\;C:\Program Files\Common Files\Intel\WirelessCommon\;C:\Users\이요한\Desktop\개발\eclipse_tools\_java\openjdk-12+32_windows-x64_bin\jdk-12\bin;C:\Program Files\nodejs\;C:\Program Files (x86)\Yarn\bin\;C:\Program Files\Git\cmd;C:\Users\이요한\AppData\Roaming\npm\node_modules\yarn\bin\yarn.js;C:\Program Files\nodejs;C:\Users\이요한\AppData\Roaming\npm;C:\Users\이요한\Desktop\mysql-5.7.32-winx64\bin;C:\Users\이요한\AppData\Local\Microsoft\WindowsApps;C:\Program Files\Bandizip\;C:\Users\이요한\Desktop\개발\study_tool\Microsoft VS Code\bin;C:\Users\이요한\AppData\Roaming\npm;C:\Users\이요한\AppData\Local\Yarn\bin;C:\Program Files\heroku\bin;;C:\Users\이요한\Desktop\개발\eclipse_tools\_util\eclipse;
USERNAME=이요한
OS=Windows_NT
PROCESSOR_IDENTIFIER=Intel64 Family 6 Model 126 Stepping 5, GenuineIntel



---------------  S Y S T E M  ---------------

OS: Windows 10 , 64 bit Build 19041 (10.0.19041.1023)

CPU:total 8 (initial active 8) (4 cores per cpu, 2 threads per core) family 6 model 126 stepping 5, cmov, cx8, fxsr, mmx, sse, sse2, sse3, ssse3, sse4.1, sse4.2, popcnt, avx, avx2, aes, clmul, erms, 3dnowpref, lzcnt, ht, tsc, tscinvbit, bmi1, bmi2, adx, evex, sha, fma

Memory: 4k page, system-wide physical 7953M (1117M free)
TotalPageFile size 7953M (AvailPageFile size 10M)
current process WorkingSet (physical memory assigned to process): 10M, peak: 10M
current process commit charge ("private bytes"): 60M, peak: 186M

vm_info: OpenJDK 64-Bit Server VM (12+32) for windows-amd64 JRE (12+32), built on Feb 14 2019 05:18:05 by "mach5one" with MS VC++ 15.5 (VS2017)

END.
